<?xml version="1.0" encoding="UTF-8"?>
<testng-results ignored="0" total="1" passed="1" failed="0" skipped="0">
  <reporter-output>
  </reporter-output>
  <suite started-at="2021-08-28T02:20:41 IST" name="Default suite" finished-at="2021-08-28T02:20:59 IST" duration-ms="18742">
    <groups>
    </groups>
    <test started-at="2021-08-28T02:20:41 IST" name="Default test" finished-at="2021-08-28T02:20:59 IST" duration-ms="18742">
      <class name="TestFiles.LoginApplication">
        <test-method signature="Login()[pri:0, instance:TestFiles.LoginApplication@152aa092]" started-at="2021-08-28T02:20:41 IST" name="Login" finished-at="2021-08-28T02:20:59 IST" duration-ms="18699" status="PASS">
          <reporter-output>
          </reporter-output>
        </test-method> <!-- Login -->
      </class> <!-- TestFiles.LoginApplication -->
    </test> <!-- Default test -->
  </suite> <!-- Default suite -->
</testng-results>
